<?xml version="1.0" encoding="UTF-8"?>
<!-- Generated by org.testng.reporters.JUnitXMLReporter -->
<testsuite ignored="0" hostname="DESKTOP-H0OOTPR" failures="0" tests="3" name="Test" time="43.427" errors="0" timestamp="2021-07-08T15:45:02 BST">
  <testcase classname="com.app.scripts.TC001_Positive_LoginScript" name="LoginPositiveTest" time="7.69"/>
  <testcase classname="com.app.scripts.TC002_Negative_LoginScript" name="LoginNegativeTest" time="2.843"/>
  <testcase classname="com.app.scripts.TC003_ForgotPasswordScript" name="ForgotPasswordTest" time="6.878"/>
</testsuite> <!-- Test -->
