<?xml version="1.0" encoding="UTF-8"?>
<!-- Generated by org.testng.reporters.JUnitXMLReporter -->
<testsuite hostname="DESKTOP-O544DRQ" ignored="0" name="Test" tests="3" failures="0" timestamp="2021-07-07T21:22:43 IST" time="90.776" errors="0">
  <testcase name="LoginPositiveTest" time="11.799" classname="com.app.scripts.TC001_Positive_LoginScript"/>
  <testcase name="LoginNegativeTest" time="3.926" classname="com.app.scripts.TC002_Negative_LoginScript"/>
  <testcase name="ForgotPasswordTest" time="4.064" classname="com.app.scripts.TC003_ForgotPasswordScript"/>
</testsuite> <!-- Test -->
