<?xml version="1.0" encoding="UTF-8"?>
<testng-results skipped="0" failed="0" ignored="0" total="3" passed="3">
  <reporter-output>
  </reporter-output>
  <suite name="Suite" duration-ms="90776" started-at="2021-07-07T21:21:12 IST" finished-at="2021-07-07T21:22:43 IST">
    <groups>
    </groups>
    <test name="Test" duration-ms="90776" started-at="2021-07-07T21:21:12 IST" finished-at="2021-07-07T21:22:43 IST">
      <class name="com.app.scripts.TC001_Positive_LoginScript">
        <test-method status="PASS" signature="setUp()[pri:0, instance:com.app.scripts.TC001_Positive_LoginScript@cb5822]" name="setUp" is-config="true" duration-ms="31074" started-at="2021-07-07T21:21:12 IST" finished-at="2021-07-07T21:21:43 IST">
          <reporter-output>
          </reporter-output>
        </test-method> <!-- setUp -->
        <test-method status="PASS" signature="LoginPositiveTest()[pri:0, instance:com.app.scripts.TC001_Positive_LoginScript@cb5822]" name="LoginPositiveTest" duration-ms="11799" started-at="2021-07-07T21:21:43 IST" finished-at="2021-07-07T21:21:55 IST">
          <reporter-output>
          </reporter-output>
        </test-method> <!-- LoginPositiveTest -->
        <test-method status="PASS" signature="tearDowm()[pri:0, instance:com.app.scripts.TC001_Positive_LoginScript@cb5822]" name="tearDowm" is-config="true" duration-ms="703" started-at="2021-07-07T21:21:55 IST" finished-at="2021-07-07T21:21:56 IST">
          <reporter-output>
          </reporter-output>
        </test-method> <!-- tearDowm -->
      </class> <!-- com.app.scripts.TC001_Positive_LoginScript -->
      <class name="com.app.scripts.TC003_ForgotPasswordScript">
        <test-method status="PASS" signature="setUp()[pri:0, instance:com.app.scripts.TC003_ForgotPasswordScript@2b98378d]" name="setUp" is-config="true" duration-ms="9310" started-at="2021-07-07T21:22:29 IST" finished-at="2021-07-07T21:22:38 IST">
          <reporter-output>
          </reporter-output>
        </test-method> <!-- setUp -->
        <test-method status="PASS" signature="ForgotPasswordTest()[pri:0, instance:com.app.scripts.TC003_ForgotPasswordScript@2b98378d]" name="ForgotPasswordTest" duration-ms="4064" started-at="2021-07-07T21:22:38 IST" finished-at="2021-07-07T21:22:42 IST">
          <reporter-output>
          </reporter-output>
        </test-method> <!-- ForgotPasswordTest -->
        <test-method status="PASS" signature="tearDowm()[pri:0, instance:com.app.scripts.TC003_ForgotPasswordScript@2b98378d]" name="tearDowm" is-config="true" duration-ms="691" started-at="2021-07-07T21:22:42 IST" finished-at="2021-07-07T21:22:43 IST">
          <reporter-output>
          </reporter-output>
        </test-method> <!-- tearDowm -->
      </class> <!-- com.app.scripts.TC003_ForgotPasswordScript -->
      <class name="com.app.scripts.TC002_Negative_LoginScript">
        <test-method status="PASS" signature="setUp()[pri:0, instance:com.app.scripts.TC002_Negative_LoginScript@4b9e13df]" name="setUp" is-config="true" duration-ms="28457" started-at="2021-07-07T21:21:56 IST" finished-at="2021-07-07T21:22:24 IST">
          <reporter-output>
          </reporter-output>
        </test-method> <!-- setUp -->
        <test-method status="PASS" signature="LoginNegativeTest()[pri:0, instance:com.app.scripts.TC002_Negative_LoginScript@4b9e13df]" name="LoginNegativeTest" duration-ms="3926" started-at="2021-07-07T21:22:24 IST" finished-at="2021-07-07T21:22:28 IST">
          <reporter-output>
          </reporter-output>
        </test-method> <!-- LoginNegativeTest -->
        <test-method status="PASS" signature="tearDowm()[pri:0, instance:com.app.scripts.TC002_Negative_LoginScript@4b9e13df]" name="tearDowm" is-config="true" duration-ms="702" started-at="2021-07-07T21:22:28 IST" finished-at="2021-07-07T21:22:29 IST">
          <reporter-output>
          </reporter-output>
        </test-method> <!-- tearDowm -->
      </class> <!-- com.app.scripts.TC002_Negative_LoginScript -->
    </test> <!-- Test -->
  </suite> <!-- Suite -->
</testng-results>
