<?xml version="1.0" encoding="UTF-8"?>
<testng-results ignored="0" total="1" passed="1" failed="0" skipped="0">
  <reporter-output>
  </reporter-output>
  <suite started-at="2021-07-08T15:46:11 BST" name="Default suite" finished-at="2021-07-08T15:46:27 BST" duration-ms="16386">
    <groups>
    </groups>
    <test started-at="2021-07-08T15:46:11 BST" name="Default test" finished-at="2021-07-08T15:46:27 BST" duration-ms="16386">
      <class name="com.app.scripts.TC001_Positive_LoginScript">
        <test-method is-config="true" signature="setUp()[pri:0, instance:com.app.scripts.TC001_Positive_LoginScript@3c9d0b9d]" started-at="2021-07-08T15:46:11 BST" name="setUp" finished-at="2021-07-08T15:46:19 BST" duration-ms="8633" status="PASS">
          <reporter-output>
          </reporter-output>
        </test-method> <!-- setUp -->
        <test-method signature="LoginPositiveTest()[pri:0, instance:com.app.scripts.TC001_Positive_LoginScript@3c9d0b9d]" started-at="2021-07-08T15:46:19 BST" name="LoginPositiveTest" finished-at="2021-07-08T15:46:27 BST" duration-ms="7033" status="PASS">
          <reporter-output>
          </reporter-output>
        </test-method> <!-- LoginPositiveTest -->
        <test-method is-config="true" signature="tearDowm()[pri:0, instance:com.app.scripts.TC001_Positive_LoginScript@3c9d0b9d]" started-at="2021-07-08T15:46:27 BST" name="tearDowm" finished-at="2021-07-08T15:46:27 BST" duration-ms="686" status="PASS">
          <reporter-output>
          </reporter-output>
        </test-method> <!-- tearDowm -->
      </class> <!-- com.app.scripts.TC001_Positive_LoginScript -->
    </test> <!-- Default test -->
  </suite> <!-- Default suite -->
</testng-results>
